Determining if the pthread_create exist failed with the following output:
Change Dir: /home/aantonione/Bennu_RadProd_1007/buildmt/CMakeFiles/CMakeTmp

Run Build Command:"/usr/bin/make" "cmTC_124f9/fast"
/usr/bin/make -f CMakeFiles/cmTC_124f9.dir/build.make CMakeFiles/cmTC_124f9.dir/build
make[1]: Entering directory '/home/aantonione/Bennu_RadProd_1007/buildmt/CMakeFiles/CMakeTmp'
Building C object CMakeFiles/cmTC_124f9.dir/CheckSymbolExists.c.o
/usr/bin/cc    -o CMakeFiles/cmTC_124f9.dir/CheckSymbolExists.c.o   -c /home/aantonione/Bennu_RadProd_1007/buildmt/CMakeFiles/CMakeTmp/CheckSymbolExists.c
Linking C executable cmTC_124f9
/usr/bin/cmake -E cmake_link_script CMakeFiles/cmTC_124f9.dir/link.txt --verbose=1
/usr/bin/cc      CMakeFiles/cmTC_124f9.dir/CheckSymbolExists.c.o  -o cmTC_124f9 
CMakeFiles/cmTC_124f9.dir/CheckSymbolExists.c.o: In function `main':
CheckSymbolExists.c:(.text+0x1b): undefined reference to `pthread_create'
collect2: error: ld returned 1 exit status
CMakeFiles/cmTC_124f9.dir/build.make:97: recipe for target 'cmTC_124f9' failed
make[1]: *** [cmTC_124f9] Error 1
make[1]: Leaving directory '/home/aantonione/Bennu_RadProd_1007/buildmt/CMakeFiles/CMakeTmp'
Makefile:126: recipe for target 'cmTC_124f9/fast' failed
make: *** [cmTC_124f9/fast] Error 2

File /home/aantonione/Bennu_RadProd_1007/buildmt/CMakeFiles/CMakeTmp/CheckSymbolExists.c:
/* */
#include <pthread.h>

int main(int argc, char** argv)
{
  (void)argv;
#ifndef pthread_create
  return ((int*)(&pthread_create))[argc];
#else
  (void)argc;
  return 0;
#endif
}

